-------------------------------------------------------------------------------
Test set: com.atguigu.gulimall.product.GulimallProductApplicationTests
-------------------------------------------------------------------------------
Tests run: 1, Failures: 0, Errors: 1, Skipped: 0, Time elapsed: 41.493 s <<< FAILURE! - in com.atguigu.gulimall.product.GulimallProductApplicationTests
contextLoads(com.atguigu.gulimall.product.GulimallProductApplicationTests)  Time elapsed: 23.201 s  <<< ERROR!
org.mybatis.spring.MyBatisSystemException: 
nested exception is org.apache.ibatis.exceptions.PersistenceException: 
### Error updating database.  Cause: org.springframework.jdbc.CannotGetJdbcConnectionException: Failed to obtain JDBC Connection; nested exception is com.mysql.cj.jdbc.exceptions.CommunicationsException: Communications link failure

The last packet sent successfully to the server was 0 milliseconds ago. The driver has not received any packets from the server.
### The error may exist in com/atguigu/gulimall/product/dao/BrandDao.java (best guess)
### The error may involve com.atguigu.gulimall.product.dao.BrandDao.insert
### The error occurred while executing an update
### Cause: org.springframework.jdbc.CannotGetJdbcConnectionException: Failed to obtain JDBC Connection; nested exception is com.mysql.cj.jdbc.exceptions.CommunicationsException: Communications link failure

The last packet sent successfully to the server was 0 milliseconds ago. The driver has not received any packets from the server.
	at com.atguigu.gulimall.product.GulimallProductApplicationTests.contextLoads(GulimallProductApplicationTests.java:57)
Caused by: org.apache.ibatis.exceptions.PersistenceException: 

### Error updating database.  Cause: org.springframework.jdbc.CannotGetJdbcConnectionException: Failed to obtain JDBC Connection; nested exception is com.mysql.cj.jdbc.exceptions.CommunicationsException: Communications link failure

The last packet sent successfully to the server was 0 milliseconds ago. The driver has not received any packets from the server.
### The error may exist in com/atguigu/gulimall/product/dao/BrandDao.java (best guess)
### The error may involve com.atguigu.gulimall.product.dao.BrandDao.insert
### The error occurred while executing an update
### Cause: org.springframework.jdbc.CannotGetJdbcConnectionException: Failed to obtain JDBC Connection; nested exception is com.mysql.cj.jdbc.exceptions.CommunicationsException: Communications link failure

The last packet sent successfully to the server was 0 milliseconds ago. The driver has not received any packets from the server.
	at com.atguigu.gulimall.product.GulimallProductApplicationTests.contextLoads(GulimallProductApplicationTests.java:57)
Caused by: org.springframework.jdbc.CannotGetJdbcConnectionException: 
Failed to obtain JDBC Connection; nested exception is com.mysql.cj.jdbc.exceptions.CommunicationsException: Communications link failure

The last packet sent successfully to the server was 0 milliseconds ago. The driver has not received any packets from the server.
	at com.atguigu.gulimall.product.GulimallProductApplicationTests.contextLoads(GulimallProductApplicationTests.java:57)
Caused by: com.mysql.cj.jdbc.exceptions.CommunicationsException: 
Communications link failure

The last packet sent successfully to the server was 0 milliseconds ago. The driver has not received any packets from the server.
	at com.atguigu.gulimall.product.GulimallProductApplicationTests.contextLoads(GulimallProductApplicationTests.java:57)
Caused by: com.mysql.cj.exceptions.CJCommunicationsException: 
Communications link failure

The last packet sent successfully to the server was 0 milliseconds ago. The driver has not received any packets from the server.
	at com.atguigu.gulimall.product.GulimallProductApplicationTests.contextLoads(GulimallProductApplicationTests.java:57)
Caused by: java.net.ConnectException: Connection timed out: connect
	at com.atguigu.gulimall.product.GulimallProductApplicationTests.contextLoads(GulimallProductApplicationTests.java:57)

